<testng-results>
  <reporter-output>
  </reporter-output>
  <suite name="Command line suite">
    <groups>
    </groups>
    <test name="Command line test">
      <class name="hu.liptak.kickassalternate.HookTest">
        <test-method status="PASS" signature="clearRepository()" name="clearRepository" is-config="true" duration-ms="0" started-at="2010-04-29T22:10:28Z" finished-at="2010-04-29T22:10:28Z">
        </test-method>
        <test-method status="PASS" signature="createRepository()" name="createRepository" is-config="true" duration-ms="100734" started-at="2010-04-29T22:08:47Z" depends-on-methods="hu.liptak.kickassalternate.HookTest.clearRepository" finished-at="2010-04-29T22:10:28Z">
        </test-method>
        <test-method status="PASS" signature="clearRepository()" name="clearRepository" is-config="true" duration-ms="16" started-at="2010-04-29T22:08:47Z" finished-at="2010-04-29T22:08:47Z">
        </test-method>
      </class>
    </test>
  </suite>
</testng-results>
